have_func: checking for mysql_ssl_set()... -------------------- yes

"clang -o conftest -I/Users/kalle/.rbenv/versions/2.0.0-p0/include/ruby-2.0.0/x86_64-darwin12.3.0 -I/Users/kalle/.rbenv/versions/2.0.0-p0/include/ruby-2.0.0/ruby/backward -I/Users/kalle/.rbenv/versions/2.0.0-p0/include/ruby-2.0.0 -I. -I'/Users/kalle/.rbenv/versions/2.0.0-p0/include'  -D_XOPEN_SOURCE -D_DARWIN_C_SOURCE -D_DARWIN_UNLIMITED_SELECT -D_REENTRANT   -I/usr/local/Cellar/mysql/5.5.28/include  -g -DNDEBUG   -Wno-error=shorten-64-to-32 -pipe conftest.c  -L. -L/Users/kalle/.rbenv/versions/2.0.0-p0/lib -L. -L'/Users/kalle/.rbenv/versions/2.0.0-p0/lib'     -L/usr/local/Cellar/mysql/5.5.28/lib -lmysqlclient  -lz -lssl -lcrypto  -lruby-static  -lpthread -ldl -lobjc "
checked program was:
/* begin */
1: #include "ruby.h"
2: 
3: int main(void) {return 0;}
/* end */

"clang -o conftest -I/Users/kalle/.rbenv/versions/2.0.0-p0/include/ruby-2.0.0/x86_64-darwin12.3.0 -I/Users/kalle/.rbenv/versions/2.0.0-p0/include/ruby-2.0.0/ruby/backward -I/Users/kalle/.rbenv/versions/2.0.0-p0/include/ruby-2.0.0 -I. -I'/Users/kalle/.rbenv/versions/2.0.0-p0/include'  -D_XOPEN_SOURCE -D_DARWIN_C_SOURCE -D_DARWIN_UNLIMITED_SELECT -D_REENTRANT   -I/usr/local/Cellar/mysql/5.5.28/include  -g -DNDEBUG   -Wno-error=shorten-64-to-32 -pipe conftest.c  -L. -L/Users/kalle/.rbenv/versions/2.0.0-p0/lib -L. -L'/Users/kalle/.rbenv/versions/2.0.0-p0/lib'     -L/usr/local/Cellar/mysql/5.5.28/lib -lmysqlclient  -lz -lssl -lcrypto  -lruby-static -L/usr/local/Cellar/mysql/5.5.28/lib -lmysqlclient  -lz -lssl -lcrypto  -lpthread -ldl -lobjc "
conftest.c:6:57: error: use of undeclared identifier 'mysql_ssl_set'
int t(void) { void ((*volatile p)()); p = (void ((*)()))mysql_ssl_set; return 0; }
                                                        ^
1 error generated.
checked program was:
/* begin */
1: #include "ruby.h"
2: 
3: /*top*/
4: int main(void) {return 0;}
5: extern int t(void);
6: int t(void) { void ((*volatile p)()); p = (void ((*)()))mysql_ssl_set; return 0; }
/* end */

"clang -o conftest -I/Users/kalle/.rbenv/versions/2.0.0-p0/include/ruby-2.0.0/x86_64-darwin12.3.0 -I/Users/kalle/.rbenv/versions/2.0.0-p0/include/ruby-2.0.0/ruby/backward -I/Users/kalle/.rbenv/versions/2.0.0-p0/include/ruby-2.0.0 -I. -I'/Users/kalle/.rbenv/versions/2.0.0-p0/include'  -D_XOPEN_SOURCE -D_DARWIN_C_SOURCE -D_DARWIN_UNLIMITED_SELECT -D_REENTRANT   -I/usr/local/Cellar/mysql/5.5.28/include  -g -DNDEBUG   -Wno-error=shorten-64-to-32 -pipe conftest.c  -L. -L/Users/kalle/.rbenv/versions/2.0.0-p0/lib -L. -L'/Users/kalle/.rbenv/versions/2.0.0-p0/lib'     -L/usr/local/Cellar/mysql/5.5.28/lib -lmysqlclient  -lz -lssl -lcrypto  -lruby-static -L/usr/local/Cellar/mysql/5.5.28/lib -lmysqlclient  -lz -lssl -lcrypto  -lpthread -ldl -lobjc "
conftest.c:6:15: warning: implicit declaration of function 'mysql_ssl_set' is invalid in C99 [-Wimplicit-function-declaration]
int t(void) { mysql_ssl_set(); return 0; }
              ^
1 warning generated.
checked program was:
/* begin */
1: #include "ruby.h"
2: 
3: /*top*/
4: int main(void) {return 0;}
5: extern int t(void);
6: int t(void) { mysql_ssl_set(); return 0; }
/* end */

--------------------

have_func: checking for rb_str_set_len()... -------------------- yes

"clang -o conftest -I/Users/kalle/.rbenv/versions/2.0.0-p0/include/ruby-2.0.0/x86_64-darwin12.3.0 -I/Users/kalle/.rbenv/versions/2.0.0-p0/include/ruby-2.0.0/ruby/backward -I/Users/kalle/.rbenv/versions/2.0.0-p0/include/ruby-2.0.0 -I. -I'/Users/kalle/.rbenv/versions/2.0.0-p0/include'  -D_XOPEN_SOURCE -D_DARWIN_C_SOURCE -D_DARWIN_UNLIMITED_SELECT -D_REENTRANT   -I/usr/local/Cellar/mysql/5.5.28/include  -g -DNDEBUG   -Wno-error=shorten-64-to-32 -pipe conftest.c  -L. -L/Users/kalle/.rbenv/versions/2.0.0-p0/lib -L. -L'/Users/kalle/.rbenv/versions/2.0.0-p0/lib'     -L/usr/local/Cellar/mysql/5.5.28/lib -lmysqlclient  -lz -lssl -lcrypto  -lruby-static -L/usr/local/Cellar/mysql/5.5.28/lib -lmysqlclient  -lz -lssl -lcrypto  -lpthread -ldl -lobjc "
checked program was:
/* begin */
1: #include "ruby.h"
2: 
3: /*top*/
4: int main(void) {return 0;}
5: extern int t(void);
6: int t(void) { void ((*volatile p)()); p = (void ((*)()))rb_str_set_len; return 0; }
/* end */

--------------------

have_func: checking for rb_thread_start_timer()... -------------------- no

"clang -o conftest -I/Users/kalle/.rbenv/versions/2.0.0-p0/include/ruby-2.0.0/x86_64-darwin12.3.0 -I/Users/kalle/.rbenv/versions/2.0.0-p0/include/ruby-2.0.0/ruby/backward -I/Users/kalle/.rbenv/versions/2.0.0-p0/include/ruby-2.0.0 -I. -I'/Users/kalle/.rbenv/versions/2.0.0-p0/include'  -D_XOPEN_SOURCE -D_DARWIN_C_SOURCE -D_DARWIN_UNLIMITED_SELECT -D_REENTRANT   -I/usr/local/Cellar/mysql/5.5.28/include  -g -DNDEBUG   -Wno-error=shorten-64-to-32 -pipe conftest.c  -L. -L/Users/kalle/.rbenv/versions/2.0.0-p0/lib -L. -L'/Users/kalle/.rbenv/versions/2.0.0-p0/lib'     -L/usr/local/Cellar/mysql/5.5.28/lib -lmysqlclient  -lz -lssl -lcrypto  -lruby-static -L/usr/local/Cellar/mysql/5.5.28/lib -lmysqlclient  -lz -lssl -lcrypto  -lpthread -ldl -lobjc "
conftest.c:6:57: error: use of undeclared identifier 'rb_thread_start_timer'
int t(void) { void ((*volatile p)()); p = (void ((*)()))rb_thread_start_timer; return 0; }
                                                        ^
1 error generated.
checked program was:
/* begin */
1: #include "ruby.h"
2: 
3: /*top*/
4: int main(void) {return 0;}
5: extern int t(void);
6: int t(void) { void ((*volatile p)()); p = (void ((*)()))rb_thread_start_timer; return 0; }
/* end */

"clang -o conftest -I/Users/kalle/.rbenv/versions/2.0.0-p0/include/ruby-2.0.0/x86_64-darwin12.3.0 -I/Users/kalle/.rbenv/versions/2.0.0-p0/include/ruby-2.0.0/ruby/backward -I/Users/kalle/.rbenv/versions/2.0.0-p0/include/ruby-2.0.0 -I. -I'/Users/kalle/.rbenv/versions/2.0.0-p0/include'  -D_XOPEN_SOURCE -D_DARWIN_C_SOURCE -D_DARWIN_UNLIMITED_SELECT -D_REENTRANT   -I/usr/local/Cellar/mysql/5.5.28/include  -g -DNDEBUG   -Wno-error=shorten-64-to-32 -pipe conftest.c  -L. -L/Users/kalle/.rbenv/versions/2.0.0-p0/lib -L. -L'/Users/kalle/.rbenv/versions/2.0.0-p0/lib'     -L/usr/local/Cellar/mysql/5.5.28/lib -lmysqlclient  -lz -lssl -lcrypto  -lruby-static -L/usr/local/Cellar/mysql/5.5.28/lib -lmysqlclient  -lz -lssl -lcrypto  -lpthread -ldl -lobjc "
conftest.c:6:15: warning: implicit declaration of function 'rb_thread_start_timer' is invalid in C99 [-Wimplicit-function-declaration]
int t(void) { rb_thread_start_timer(); return 0; }
              ^
1 warning generated.
Undefined symbols for architecture x86_64:
  "_rb_thread_start_timer", referenced from:
      _t in conftest-zuqEj0.o
ld: symbol(s) not found for architecture x86_64
clang: error: linker command failed with exit code 1 (use -v to see invocation)
checked program was:
/* begin */
1: #include "ruby.h"
2: 
3: /*top*/
4: int main(void) {return 0;}
5: extern int t(void);
6: int t(void) { rb_thread_start_timer(); return 0; }
/* end */

--------------------

have_header: checking for mysql.h... -------------------- yes

"clang -E -I/Users/kalle/.rbenv/versions/2.0.0-p0/include/ruby-2.0.0/x86_64-darwin12.3.0 -I/Users/kalle/.rbenv/versions/2.0.0-p0/include/ruby-2.0.0/ruby/backward -I/Users/kalle/.rbenv/versions/2.0.0-p0/include/ruby-2.0.0 -I. -I'/Users/kalle/.rbenv/versions/2.0.0-p0/include'  -D_XOPEN_SOURCE -D_DARWIN_C_SOURCE -D_DARWIN_UNLIMITED_SELECT -D_REENTRANT   -I/usr/local/Cellar/mysql/5.5.28/include  -g -DNDEBUG   -Wno-error=shorten-64-to-32 -pipe  conftest.c -o conftest.i"
checked program was:
/* begin */
1: #include "ruby.h"
2: 
3: #include <mysql.h>
/* end */

--------------------

